{
  "RSpec": {
    "coverage": {
      "/Users/aimeecraig/Projects/Makers Academy/Week 4/bookmark-manager/spec/hello_spec.rb": [
        null,
        null,
        null,
        null,
        null,
        1,
        1,
        1,
        1,
        null,
        null
      ],
      "/Users/aimeecraig/Projects/Makers Academy/Week 4/bookmark-manager/spec/viewing_bookmarks_spec.rb": [
        1,
        1,
        1,
        1,
        null,
        null
      ]
    },
    "timestamp": 1540214457
  }
}
