{
  "RSpec": {
    "coverage": {
      "/Users/aimeecraig/Projects/Makers Academy/Week 4/bookmark-manager/spec/bookmark_spec.rb": [
        1,
        null,
        1,
        1,
        1,
        1,
        1,
        null,
        null,
        null,
        1,
        1,
        1,
        0,
        null,
        null,
        null
      ],
      "/Users/aimeecraig/Projects/Makers Academy/Week 4/bookmark-manager/spec/features/hello_spec.rb": [
        1,
        1,
        1,
        1,
        null,
        null
      ],
      "/Users/aimeecraig/Projects/Makers Academy/Week 4/bookmark-manager/spec/features/navigation_spec.rb": [
        null,
        null,
        null,
        null,
        null
      ],
      "/Users/aimeecraig/Projects/Makers Academy/Week 4/bookmark-manager/spec/features/submitting_bookmark_spec.rb": [
        1,
        1,
        1,
        1,
        1,
        1,
        1,
        1,
        1,
        1,
        null,
        null
      ],
      "/Users/aimeecraig/Projects/Makers Academy/Week 4/bookmark-manager/spec/features/viewing_bookmarks_spec.rb": [
        1,
        1,
        1,
        1,
        1,
        1,
        null,
        null
      ]
    },
    "timestamp": 1540332525
  }
}
